{"time":"2020-09-24T12:21:23.9609848-03:00","id":"","remote_ip":"192.168.1.3","host":"192.168.1.3:8080","method":"GET","uri":"/","user_agent":"avast! Antivirus","status":404,"error":"code=404, message=Not Found","latency":23028900,"latency_human":"23.0289ms","bytes_in":0,"bytes_out":24}
{"time":"2020-09-24T12:21:27.4751214-03:00","id":"","remote_ip":"192.168.1.3","host":"192.168.1.3","method":"GET","uri":"/HNAP1/","user_agent":"avast! Antivirus","status":404,"error":"code=404, message=Not Found","latency":0,"latency_human":"0s","bytes_in":0,"bytes_out":24}
{"time":"2020-09-24T12:23:35.8143008-03:00","id":"","remote_ip":"::1","host":"localhost:8080","method":"POST","uri":"/agency","user_agent":"PostmanRuntime/7.26.3","status":201,"error":"","latency":4334615900,"latency_human":"4.3346159s","bytes_in":31,"bytes_out":30}
{"time":"2020-09-24T12:23:49.6268198-03:00","id":"","remote_ip":"::1","host":"localhost:8080","method":"GET","uri":"/agency/","user_agent":"PostmanRuntime/7.26.3","status":404,"error":"code=404, message=Not Found","latency":0,"latency_human":"0s","bytes_in":0,"bytes_out":24}
{"time":"2020-09-24T12:23:54.0512795-03:00","id":"","remote_ip":"::1","host":"localhost:8080","method":"GET","uri":"/agency/1","user_agent":"PostmanRuntime/7.26.3","status":200,"error":"","latency":1998900,"latency_human":"1.9989ms","bytes_in":0,"bytes_out":23}
{"time":"2020-09-24T12:24:45.6302426-03:00","id":"","remote_ip":"::1","host":"localhost:8080","method":"POST","uri":"/agency","user_agent":"PostmanRuntime/7.26.3","status":201,"error":"","latency":5997700,"latency_human":"5.9977ms","bytes_in":18,"bytes_out":33}
{"time":"2020-09-24T12:27:56.5024669-03:00","id":"","remote_ip":"::1","host":"localhost:8080","method":"GET","uri":"/agency/3","user_agent":"PostmanRuntime/7.26.3","status":200,"error":"","latency":4999200,"latency_human":"4.9992ms","bytes_in":0,"bytes_out":5}
{"time":"2020-09-24T12:28:00.1046337-03:00","id":"","remote_ip":"::1","host":"localhost:8080","method":"GET","uri":"/agency/2","user_agent":"PostmanRuntime/7.26.3","status":200,"error":"","latency":1999100,"latency_human":"1.9991ms","bytes_in":0,"bytes_out":26}
{"time":"2020-09-24T12:46:59.8654881-03:00","id":"","remote_ip":"::1","host":"localhost:8080","method":"GET","uri":"/agency/2","user_agent":"PostmanRuntime/7.26.3","status":200,"error":"","latency":29999300,"latency_human":"29.9993ms","bytes_in":0,"bytes_out":26}
{"time":"2020-09-24T12:47:12.9610607-03:00","id":"","remote_ip":"::1","host":"localhost:8080","method":"POST","uri":"/agency","user_agent":"PostmanRuntime/7.26.3","status":201,"error":"","latency":7999200,"latency_human":"7.9992ms","bytes_in":22,"bytes_out":37}
{"time":"2020-09-24T12:47:16.2422014-03:00","id":"","remote_ip":"::1","host":"localhost:8080","method":"GET","uri":"/agency/3","user_agent":"PostmanRuntime/7.26.3","status":200,"error":"","latency":5999300,"latency_human":"5.9993ms","bytes_in":0,"bytes_out":30}
{"time":"2020-09-24T13:45:18.515928-03:00","id":"","remote_ip":"::1","host":"localhost:8080","method":"GET","uri":"/agency/","user_agent":"PostmanRuntime/7.26.3","status":404,"error":"code=404, message=Not Found","latency":31000600,"latency_human":"31.0006ms","bytes_in":0,"bytes_out":24}
{"time":"2020-09-24T13:45:22.0032423-03:00","id":"","remote_ip":"::1","host":"localhost:8080","method":"GET","uri":"/agency","user_agent":"PostmanRuntime/7.26.3","status":500,"error":"ERROR: syntax error at or near "$1" (SQLSTATE 42601)","latency":6000700,"latency_human":"6.0007ms","bytes_in":0,"bytes_out":36}
{"time":"2020-09-24T13:48:07.3487841-03:00","id":"","remote_ip":"::1","host":"localhost:8080","method":"GET","uri":"/agency","user_agent":"PostmanRuntime/7.26.3","status":500,"error":"ERROR: syntax error at or near "?" (SQLSTATE 42601)","latency":44999400,"latency_human":"44.9994ms","bytes_in":0,"bytes_out":36}
{"time":"2020-09-24T13:51:10.8527839-03:00","id":"","remote_ip":"::1","host":"localhost:8080","method":"GET","uri":"/agency","user_agent":"PostmanRuntime/7.26.3","status":500,"error":"ERROR: syntax error at or near "[" (SQLSTATE 42601)","latency":41005000,"latency_human":"41.005ms","bytes_in":0,"bytes_out":36}
{"time":"2020-09-24T13:52:48.4620789-03:00","id":"","remote_ip":"::1","host":"localhost:8080","method":"GET","uri":"/agency","user_agent":"PostmanRuntime/7.26.3","status":500,"error":"ERROR: column "b" does not exist (SQLSTATE 42703)","latency":38001000,"latency_human":"38.001ms","bytes_in":0,"bytes_out":36}
{"time":"2020-09-24T13:55:39.7924173-03:00","id":"","remote_ip":"::1","host":"localhost:8080","method":"GET","uri":"/agency","user_agent":"PostmanRuntime/7.26.3","status":200,"error":"","latency":35000100,"latency_human":"35.0001ms","bytes_in":0,"bytes_out":52}
{"time":"2020-09-24T14:32:00.2382222-03:00","id":"","remote_ip":"::1","host":"localhost:8080","method":"GET","uri":"/agency","user_agent":"PostmanRuntime/7.26.3","status":200,"error":"","latency":3998300,"latency_human":"3.9983ms","bytes_in":0,"bytes_out":52}
{"time":"2020-09-24T14:35:30.5038414-03:00","id":"","remote_ip":"::1","host":"localhost:8080","method":"GET","uri":"/agency","user_agent":"PostmanRuntime/7.26.3","status":200,"error":"","latency":37005000,"latency_human":"37.005ms","bytes_in":0,"bytes_out":52}
{"time":"2020-09-24T14:35:53.4072166-03:00","id":"","remote_ip":"::1","host":"localhost:8080","method":"GET","uri":"/agency","user_agent":"PostmanRuntime/7.26.3","status":200,"error":"","latency":38992500,"latency_human":"38.9925ms","bytes_in":0,"bytes_out":52}
{"time":"2020-09-24T14:37:19.9400998-03:00","id":"","remote_ip":"::1","host":"localhost:8080","method":"GET","uri":"/agency","user_agent":"PostmanRuntime/7.26.3","status":200,"error":"","latency":42998500,"latency_human":"42.9985ms","bytes_in":0,"bytes_out":52}
{"time":"2020-09-24T14:37:42.9185794-03:00","id":"","remote_ip":"::1","host":"localhost:8080","method":"GET","uri":"/agency","user_agent":"PostmanRuntime/7.26.3","status":200,"error":"","latency":46000400,"latency_human":"46.0004ms","bytes_in":0,"bytes_out":52}
{"time":"2020-09-24T14:41:23.8767727-03:00","id":"","remote_ip":"::1","host":"localhost:8080","method":"GET","uri":"/agency","user_agent":"PostmanRuntime/7.26.3","status":200,"error":"","latency":42998900,"latency_human":"42.9989ms","bytes_in":0,"bytes_out":28}
{"time":"2020-09-24T14:51:45.3354331-03:00","id":"","remote_ip":"::1","host":"localhost:8080","method":"GET","uri":"/agency","user_agent":"PostmanRuntime/7.26.3","status":200,"error":"","latency":30999100,"latency_human":"30.9991ms","bytes_in":0,"bytes_out":35}
{"time":"2020-09-24T15:16:55.1711269-03:00","id":"","remote_ip":"::1","host":"localhost:8080","method":"GET","uri":"/agency","user_agent":"PostmanRuntime/7.26.3","status":200,"error":"","latency":40999600,"latency_human":"40.9996ms","bytes_in":0,"bytes_out":11}
{"time":"2020-09-24T15:17:09.744335-03:00","id":"","remote_ip":"::1","host":"localhost:8080","method":"GET","uri":"/agency?name=1","user_agent":"PostmanRuntime/7.26.3","status":200,"error":"","latency":0,"latency_human":"0s","bytes_in":0,"bytes_out":11}
{"time":"2020-09-24T15:17:27.591952-03:00","id":"","remote_ip":"::1","host":"localhost:8080","method":"GET","uri":"/agency?name=1","user_agent":"PostmanRuntime/7.26.3","status":200,"error":"","latency":35998800,"latency_human":"35.9988ms","bytes_in":0,"bytes_out":11}
{"time":"2020-09-24T15:17:33.205064-03:00","id":"","remote_ip":"::1","host":"localhost:8080","method":"GET","uri":"/agency?name=123","user_agent":"PostmanRuntime/7.26.3","status":200,"error":"","latency":999600,"latency_human":"999.6µs","bytes_in":0,"bytes_out":11}
{"time":"2020-09-24T15:50:54.5522394-03:00","id":"","remote_ip":"::1","host":"localhost:8080","method":"GET","uri":"/agency?name=123","user_agent":"PostmanRuntime/7.26.3","status":500,"error":"","latency":40999500,"latency_human":"40.9995ms","bytes_in":0,"bytes_out":36}
{"time":"2020-09-24T15:51:12.9484974-03:00","id":"","remote_ip":"::1","host":"localhost:8080","method":"GET","uri":"/agency?name=ac","user_agent":"PostmanRuntime/7.26.3","status":500,"error":"","latency":0,"latency_human":"0s","bytes_in":0,"bytes_out":36}
{"time":"2020-09-24T15:51:40.5690833-03:00","id":"","remote_ip":"::1","host":"localhost:8080","method":"GET","uri":"/agency?name=ac","user_agent":"PostmanRuntime/7.26.3","status":400,"error":"code=400, message=binding element must be a struct","latency":37998000,"latency_human":"37.998ms","bytes_in":0,"bytes_out":47}
{"time":"2020-09-24T15:53:35.6622004-03:00","id":"","remote_ip":"::1","host":"localhost:8080","method":"GET","uri":"/agency?name=ac","user_agent":"PostmanRuntime/7.26.3","status":400,"error":"code=400, message=binding element must be a struct","latency":34000000,"latency_human":"34ms","bytes_in":0,"bytes_out":47}
{"time":"2020-09-24T15:57:03.8488113-03:00","id":"","remote_ip":"::1","host":"localhost:8080","method":"GET","uri":"/agency?name=ac","user_agent":"PostmanRuntime/7.26.3","status":200,"error":"","latency":37998900,"latency_human":"37.9989ms","bytes_in":0,"bytes_out":11}
{"time":"2020-09-24T15:57:38.8336913-03:00","id":"","remote_ip":"::1","host":"localhost:8080","method":"GET","uri":"/agency?name=ac","user_agent":"PostmanRuntime/7.26.3","status":200,"error":"","latency":51001600,"latency_human":"51.0016ms","bytes_in":0,"bytes_out":14}
{"time":"2020-09-24T15:57:45.2379868-03:00","id":"","remote_ip":"::1","host":"localhost:8080","method":"GET","uri":"/agency?name=ab","user_agent":"PostmanRuntime/7.26.3","status":200,"error":"","latency":2998600,"latency_human":"2.9986ms","bytes_in":0,"bytes_out":14}
{"time":"2020-09-24T15:57:51.4812201-03:00","id":"","remote_ip":"::1","host":"localhost:8080","method":"GET","uri":"/agency?name=abc","user_agent":"PostmanRuntime/7.26.3","status":200,"error":"","latency":12006200,"latency_human":"12.0062ms","bytes_in":0,"bytes_out":35}
{"time":"2020-09-24T20:08:46.8687731-03:00","id":"","remote_ip":"::1","host":"localhost:8080","method":"GET","uri":"/agency","user_agent":"PostmanRuntime/7.26.3","status":200,"error":"","latency":41999400,"latency_human":"41.9994ms","bytes_in":0,"bytes_out":80}
{"time":"2020-09-24T20:11:39.2499246-03:00","id":"","remote_ip":"::1","host":"localhost:8080","method":"GET","uri":"/agency","user_agent":"PostmanRuntime/7.26.3","status":200,"error":"","latency":54000300,"latency_human":"54.0003ms","bytes_in":0,"bytes_out":69}
{"time":"2020-09-24T20:11:51.015092-03:00","id":"","remote_ip":"::1","host":"localhost:8080","method":"POST","uri":"/agency","user_agent":"PostmanRuntime/7.26.3","status":201,"error":"","latency":13999400,"latency_human":"13.9994ms","bytes_in":22,"bytes_out":37}
{"time":"2020-09-24T20:11:53.4159588-03:00","id":"","remote_ip":"::1","host":"localhost:8080","method":"GET","uri":"/agency","user_agent":"PostmanRuntime/7.26.3","status":200,"error":"","latency":9997600,"latency_human":"9.9976ms","bytes_in":0,"bytes_out":95}
